{"/home/oleg/projects/express-purple/src/app.ts": {"path":"/home/oleg/projects/express-purple/src/app.ts","statementMap":{"0":{"start":{"line":1,"column":0},"end":{"line":1,"column":43}},"1":{"start":{"line":3,"column":0},"end":{"line":3,"column":47}},"2":{"start":{"line":5,"column":0},"end":{"line":5,"column":32}},"3":{"start":{"line":6,"column":0},"end":{"line":6,"column":26}},"4":{"start":{"line":7,"column":0},"end":{"line":7,"column":59}},"5":{"start":{"line":10,"column":0},"end":{"line":10,"column":58}},"6":{"start":{"line":11,"column":0},"end":{"line":11,"column":58}},"7":{"start":{"line":14,"column":0},"end":{"line":56,"column":null}},"8":{"start":{"line":20,"column":39},"end":{"line":20,"column":54}},"9":{"start":{"line":21,"column":48},"end":{"line":21,"column":64}},"10":{"start":{"line":22,"column":47},"end":{"line":22,"column":80}},"11":{"start":{"line":23,"column":46},"end":{"line":23,"column":75}},"12":{"start":{"line":24,"column":45},"end":{"line":24,"column":60}},"13":{"start":{"line":25,"column":46},"end":{"line":25,"column":62}},"14":{"start":{"line":27,"column":8},"end":{"line":27,"column":29}},"15":{"start":{"line":28,"column":8},"end":{"line":28,"column":25}},"16":{"start":{"line":32,"column":8},"end":{"line":32,"column":37}},"17":{"start":{"line":33,"column":8},"end":{"line":33,"column":76}},"18":{"start":{"line":37,"column":8},"end":{"line":37,"column":59}},"19":{"start":{"line":41,"column":8},"end":{"line":41,"column":76}},"20":{"start":{"line":45,"column":8},"end":{"line":45,"column":29}},"21":{"start":{"line":46,"column":8},"end":{"line":46,"column":25}},"22":{"start":{"line":47,"column":8},"end":{"line":47,"column":35}},"23":{"start":{"line":48,"column":8},"end":{"line":48,"column":43}},"24":{"start":{"line":49,"column":8},"end":{"line":49,"column":49}},"25":{"start":{"line":50,"column":8},"end":{"line":50,"column":72}},"26":{"start":{"line":54,"column":8},"end":{"line":54,"column":28}},"27":{"start":{"line":14,"column":13},"end":{"line":56,"column":null}},"28":{"start":{"line":14,"column":13},"end":{"line":14,"column":16}}},"fnMap":{"0":{"name":"(anonymous_12)","decl":{"start":{"line":19,"column":4},"end":{"line":19,"column":null}},"loc":{"start":{"line":25,"column":76},"end":{"line":29,"column":5}}},"1":{"name":"(anonymous_13)","decl":{"start":{"line":31,"column":4},"end":{"line":31,"column":17}},"loc":{"start":{"line":31,"column":17},"end":{"line":34,"column":5}}},"2":{"name":"(anonymous_14)","decl":{"start":{"line":36,"column":4},"end":{"line":36,"column":13}},"loc":{"start":{"line":36,"column":13},"end":{"line":38,"column":5}}},"3":{"name":"(anonymous_15)","decl":{"start":{"line":40,"column":4},"end":{"line":40,"column":23}},"loc":{"start":{"line":40,"column":23},"end":{"line":42,"column":5}}},"4":{"name":"(anonymous_16)","decl":{"start":{"line":44,"column":17},"end":{"line":44,"column":21}},"loc":{"start":{"line":44,"column":21},"end":{"line":51,"column":null}}},"5":{"name":"(anonymous_18)","decl":{"start":{"line":53,"column":11},"end":{"line":53,"column":16}},"loc":{"start":{"line":53,"column":16},"end":{"line":55,"column":5}}}},"branchMap":{},"s":{"0":1,"1":1,"2":1,"3":1,"4":1,"5":1,"6":1,"7":1,"8":1,"9":1,"10":1,"11":1,"12":1,"13":1,"14":1,"15":1,"16":1,"17":1,"18":1,"19":1,"20":1,"21":1,"22":1,"23":1,"24":1,"25":1,"26":1,"27":1,"28":1},"f":{"0":1,"1":1,"2":1,"3":1,"4":1,"5":1},"b":{}}
,"/home/oleg/projects/express-purple/src/main.ts": {"path":"/home/oleg/projects/express-purple/src/main.ts","statementMap":{"0":{"start":{"line":1,"column":0},"end":{"line":1,"column":67}},"1":{"start":{"line":2,"column":0},"end":{"line":2,"column":28}},"2":{"start":{"line":3,"column":0},"end":{"line":3,"column":60}},"3":{"start":{"line":6,"column":0},"end":{"line":6,"column":56}},"4":{"start":{"line":7,"column":0},"end":{"line":7,"column":32}},"5":{"start":{"line":8,"column":0},"end":{"line":8,"column":59}},"6":{"start":{"line":10,"column":0},"end":{"line":10,"column":53}},"7":{"start":{"line":12,"column":0},"end":{"line":12,"column":56}},"8":{"start":{"line":14,"column":0},"end":{"line":14,"column":58}},"9":{"start":{"line":15,"column":0},"end":{"line":15,"column":59}},"10":{"start":{"line":17,"column":0},"end":{"line":17,"column":58}},"11":{"start":{"line":19,"column":13},"end":{"line":29,"column":3}},"12":{"start":{"line":20,"column":4},"end":{"line":20,"column":70}},"13":{"start":{"line":21,"column":4},"end":{"line":21,"column":70}},"14":{"start":{"line":22,"column":4},"end":{"line":22,"column":71}},"15":{"start":{"line":23,"column":4},"end":{"line":23,"column":62}},"16":{"start":{"line":24,"column":4},"end":{"line":24,"column":84}},"17":{"start":{"line":25,"column":4},"end":{"line":25,"column":82}},"18":{"start":{"line":26,"column":4},"end":{"line":26,"column":90}},"19":{"start":{"line":27,"column":4},"end":{"line":27,"column":66}},"20":{"start":{"line":28,"column":4},"end":{"line":28,"column":41}},"21":{"start":{"line":36,"column":18},"end":{"line":42,"column":2}},"22":{"start":{"line":36,"column":56},"end":{"line":42,"column":2}},"23":{"start":{"line":37,"column":25},"end":{"line":37,"column":40}},"24":{"start":{"line":38,"column":4},"end":{"line":38,"column":35}},"25":{"start":{"line":39,"column":16},"end":{"line":39,"column":56}},"26":{"start":{"line":40,"column":4},"end":{"line":40,"column":21}},"27":{"start":{"line":41,"column":4},"end":{"line":41,"column":33}},"28":{"start":{"line":44,"column":13},"end":{"line":44,"column":32}}},"fnMap":{"0":{"name":"(anonymous_7)","decl":{"start":{"line":19,"column":47},"end":{"line":19,"column":48}},"loc":{"start":{"line":19,"column":73},"end":{"line":29,"column":1}}},"1":{"name":"(anonymous_8)","decl":{"start":{"line":36,"column":18},"end":{"line":36,"column":54}},"loc":{"start":{"line":36,"column":56},"end":{"line":42,"column":2}}},"2":{"name":"(anonymous_9)","decl":{"start":{"line":36,"column":56},"end":{"line":36,"column":null}},"loc":{"start":{"line":36,"column":56},"end":{"line":42,"column":1}}}},"branchMap":{},"s":{"0":1,"1":1,"2":1,"3":1,"4":1,"5":1,"6":1,"7":1,"8":1,"9":1,"10":1,"11":1,"12":1,"13":1,"14":1,"15":1,"16":1,"17":1,"18":1,"19":1,"20":1,"21":1,"22":1,"23":1,"24":1,"25":1,"26":1,"27":1,"28":1},"f":{"0":1,"1":1,"2":1},"b":{}}
,"/home/oleg/projects/express-purple/src/types.ts": {"path":"/home/oleg/projects/express-purple/src/types.ts","statementMap":{"0":{"start":{"line":1,"column":13},"end":{"line":11,"column":2}}},"fnMap":{},"branchMap":{},"s":{"0":1},"f":{},"b":{}}
,"/home/oleg/projects/express-purple/src/common/auth.guard.ts": {"path":"/home/oleg/projects/express-purple/src/common/auth.guard.ts","statementMap":{"0":{"start":{"line":3,"column":0},"end":{"line":3,"column":55}},"1":{"start":{"line":7,"column":8},"end":{"line":9,"column":null}},"2":{"start":{"line":8,"column":12},"end":{"line":8,"column":71}},"3":{"start":{"line":10,"column":8},"end":{"line":10,"column":15}},"4":{"start":{"line":5,"column":0},"end":{"line":5,"column":13}}},"fnMap":{"0":{"name":"(anonymous_0)","decl":{"start":{"line":6,"column":4},"end":{"line":6,"column":11}},"loc":{"start":{"line":6,"column":59},"end":{"line":11,"column":5}}}},"branchMap":{"0":{"loc":{"start":{"line":7,"column":8},"end":{"line":9,"column":null}},"type":"if","locations":[{"start":{"line":7,"column":8},"end":{"line":9,"column":null}}]}},"s":{"0":1,"1":2,"2":1,"3":1,"4":1},"f":{"0":2},"b":{"0":[1]}}
,"/home/oleg/projects/express-purple/src/common/auth.middleware.ts": {"path":"/home/oleg/projects/express-purple/src/common/auth.middleware.ts","statementMap":{"0":{"start":{"line":3,"column":0},"end":{"line":3,"column":38}},"1":{"start":{"line":4,"column":0},"end":{"line":4,"column":47}},"2":{"start":{"line":5,"column":0},"end":{"line":5,"column":33}},"3":{"start":{"line":9,"column":0},"end":{"line":31,"column":null}},"4":{"start":{"line":10,"column":54},"end":{"line":10,"column":83}},"5":{"start":{"line":13,"column":8},"end":{"line":15,"column":null}},"6":{"start":{"line":14,"column":12},"end":{"line":14,"column":26}},"7":{"start":{"line":17,"column":32},"end":{"line":17,"column":68}},"8":{"start":{"line":18,"column":8},"end":{"line":20,"column":null}},"9":{"start":{"line":19,"column":12},"end":{"line":19,"column":26}},"10":{"start":{"line":22,"column":8},"end":{"line":29,"column":11}},"11":{"start":{"line":23,"column":12},"end":{"line":28,"column":null}},"12":{"start":{"line":24,"column":16},"end":{"line":24,"column":30}},"13":{"start":{"line":25,"column":19},"end":{"line":28,"column":null}},"14":{"start":{"line":26,"column":16},"end":{"line":26,"column":41}},"15":{"start":{"line":27,"column":16},"end":{"line":27,"column":23}},"16":{"start":{"line":9,"column":13},"end":{"line":31,"column":null}},"17":{"start":{"line":9,"column":13},"end":{"line":9,"column":27}}},"fnMap":{"0":{"name":"(anonymous_11)","decl":{"start":{"line":10,"column":4},"end":{"line":10,"column":17}},"loc":{"start":{"line":10,"column":83},"end":{"line":10,"column":87}}},"1":{"name":"(anonymous_12)","decl":{"start":{"line":12,"column":10},"end":{"line":12,"column":17}},"loc":{"start":{"line":12,"column":65},"end":{"line":30,"column":null}}},"2":{"name":"(anonymous_14)","decl":{"start":{"line":22,"column":62},"end":{"line":22,"column":63}},"loc":{"start":{"line":22,"column":79},"end":{"line":29,"column":9}}}},"branchMap":{"0":{"loc":{"start":{"line":13,"column":8},"end":{"line":15,"column":null}},"type":"if","locations":[{"start":{"line":13,"column":8},"end":{"line":15,"column":null}}]},"1":{"loc":{"start":{"line":18,"column":8},"end":{"line":20,"column":null}},"type":"if","locations":[{"start":{"line":18,"column":8},"end":{"line":20,"column":null}}]},"2":{"loc":{"start":{"line":23,"column":12},"end":{"line":28,"column":null}},"type":"if","locations":[{"start":{"line":23,"column":12},"end":{"line":28,"column":null}},{"start":{"line":25,"column":19},"end":{"line":28,"column":null}}]},"3":{"loc":{"start":{"line":25,"column":19},"end":{"line":28,"column":null}},"type":"if","locations":[{"start":{"line":25,"column":19},"end":{"line":28,"column":null}}]},"4":{"loc":{"start":{"line":25,"column":23},"end":{"line":25,"column":84}},"type":"binary-expr","locations":[{"start":{"line":25,"column":23},"end":{"line":25,"column":50}},{"start":{"line":25,"column":54},"end":{"line":25,"column":84}}]}},"s":{"0":1,"1":1,"2":1,"3":1,"4":1,"5":8,"6":6,"7":2,"8":2,"9":0,"10":2,"11":2,"12":1,"13":1,"14":1,"15":1,"16":1,"17":1},"f":{"0":1,"1":8,"2":2},"b":{"0":[6],"1":[0],"2":[1,1],"3":[1],"4":[1,1]}}
,"/home/oleg/projects/express-purple/src/common/base.controller.ts": {"path":"/home/oleg/projects/express-purple/src/common/base.controller.ts","statementMap":{"0":{"start":{"line":1,"column":0},"end":{"line":1,"column":43}},"1":{"start":{"line":2,"column":0},"end":{"line":2,"column":39}},"2":{"start":{"line":5,"column":0},"end":{"line":5,"column":9}},"3":{"start":{"line":5,"column":9},"end":{"line":5,"column":33}},"4":{"start":{"line":8,"column":0},"end":{"line":41,"column":null}},"5":{"start":{"line":11,"column":24},"end":{"line":11,"column":39}},"6":{"start":{"line":12,"column":8},"end":{"line":12,"column":32}},"7":{"start":{"line":16,"column":8},"end":{"line":16,"column":28}},"8":{"start":{"line":20,"column":8},"end":{"line":20,"column":37}},"9":{"start":{"line":21,"column":8},"end":{"line":21,"column":46}},"10":{"start":{"line":25,"column":8},"end":{"line":25,"column":44}},"11":{"start":{"line":29,"column":8},"end":{"line":29,"column":44}},"12":{"start":{"line":33,"column":8},"end":{"line":39,"column":null}},"13":{"start":{"line":34,"column":12},"end":{"line":34,"column":63}},"14":{"start":{"line":35,"column":32},"end":{"line":35,"column":78}},"15":{"start":{"line":35,"column":60},"end":{"line":35,"column":77}},"16":{"start":{"line":36,"column":28},"end":{"line":36,"column":49}},"17":{"start":{"line":37,"column":29},"end":{"line":37,"column":78}},"18":{"start":{"line":38,"column":12},"end":{"line":38,"column":60}},"19":{"start":{"line":8,"column":22},"end":{"line":41,"column":null}},"20":{"start":{"line":8,"column":22},"end":{"line":8,"column":36}}},"fnMap":{"0":{"name":"(anonymous_2)","decl":{"start":{"line":5,"column":9},"end":{"line":5,"column":15}},"loc":{"start":{"line":5,"column":9},"end":{"line":5,"column":33}}},"1":{"name":"(anonymous_3)","decl":{"start":{"line":11,"column":4},"end":{"line":11,"column":24}},"loc":{"start":{"line":11,"column":39},"end":{"line":13,"column":5}}},"2":{"name":"(anonymous_4)","decl":{"start":{"line":15,"column":4},"end":{"line":15,"column":8}},"loc":{"start":{"line":15,"column":14},"end":{"line":17,"column":5}}},"3":{"name":"(anonymous_5)","decl":{"start":{"line":19,"column":11},"end":{"line":19,"column":15}},"loc":{"start":{"line":19,"column":58},"end":{"line":22,"column":5}}},"4":{"name":"(anonymous_6)","decl":{"start":{"line":24,"column":11},"end":{"line":24,"column":13}},"loc":{"start":{"line":24,"column":42},"end":{"line":26,"column":5}}},"5":{"name":"(anonymous_7)","decl":{"start":{"line":28,"column":11},"end":{"line":28,"column":19}},"loc":{"start":{"line":28,"column":48},"end":{"line":30,"column":5}}},"6":{"name":"(anonymous_8)","decl":{"start":{"line":32,"column":14},"end":{"line":32,"column":24}},"loc":{"start":{"line":32,"column":51},"end":{"line":40,"column":5}}},"7":{"name":"(anonymous_9)","decl":{"start":{"line":35,"column":55},"end":{"line":35,"column":56}},"loc":{"start":{"line":35,"column":60},"end":{"line":35,"column":77}}}},"branchMap":{"0":{"loc":{"start":{"line":35,"column":32},"end":{"line":35,"column":78}},"type":"cond-expr","locations":[{"start":{"line":35,"column":49},"end":{"line":35,"column":51}},{"start":{"line":35,"column":49},"end":{"line":35,"column":78}}]},"1":{"loc":{"start":{"line":35,"column":32},"end":{"line":35,"column":51}},"type":"binary-expr","locations":[{"start":{"line":35,"column":32},"end":{"line":35,"column":51}},{"start":{"line":35,"column":49},"end":{"line":35,"column":51}}]},"2":{"loc":{"start":{"line":37,"column":29},"end":{"line":37,"column":78}},"type":"cond-expr","locations":[{"start":{"line":37,"column":43},"end":{"line":37,"column":68}},{"start":{"line":37,"column":71},"end":{"line":37,"column":78}}]}},"s":{"0":1,"1":1,"2":1,"3":1,"4":1,"5":1,"6":1,"7":4,"8":4,"9":4,"10":4,"11":0,"12":1,"13":3,"14":3,"15":3,"16":3,"17":3,"18":3,"19":1,"20":1},"f":{"0":0,"1":1,"2":4,"3":4,"4":4,"5":0,"6":1,"7":3},"b":{"0":[0,3],"1":[3,3],"2":[3,0]}}
,"/home/oleg/projects/express-purple/src/common/validate.middleware.ts": {"path":"/home/oleg/projects/express-purple/src/common/validate.middleware.ts","statementMap":{"0":{"start":{"line":3,"column":0},"end":{"line":3,"column":70}},"1":{"start":{"line":4,"column":0},"end":{"line":4,"column":43}},"2":{"start":{"line":7,"column":24},"end":{"line":7,"column":65}},"3":{"start":{"line":10,"column":25},"end":{"line":10,"column":68}},"4":{"start":{"line":11,"column":8},"end":{"line":21,"column":11}},"5":{"start":{"line":16,"column":12},"end":{"line":20,"column":null}},"6":{"start":{"line":17,"column":16},"end":{"line":17,"column":45}},"7":{"start":{"line":19,"column":16},"end":{"line":19,"column":23}},"8":{"start":{"line":6,"column":0},"end":{"line":6,"column":13}}},"fnMap":{"0":{"name":"(anonymous_0)","decl":{"start":{"line":7,"column":4},"end":{"line":7,"column":24}},"loc":{"start":{"line":7,"column":65},"end":{"line":7,"column":69}}},"1":{"name":"(anonymous_1)","decl":{"start":{"line":9,"column":4},"end":{"line":9,"column":11}},"loc":{"start":{"line":9,"column":64},"end":{"line":22,"column":5}}},"2":{"name":"(anonymous_2)","decl":{"start":{"line":15,"column":16},"end":{"line":15,"column":22}},"loc":{"start":{"line":15,"column":25},"end":{"line":21,"column":9}}}},"branchMap":{"0":{"loc":{"start":{"line":16,"column":12},"end":{"line":20,"column":null}},"type":"if","locations":[{"start":{"line":16,"column":12},"end":{"line":20,"column":null}},{"start":{"line":18,"column":19},"end":{"line":20,"column":null}}]}},"s":{"0":1,"1":1,"2":2,"3":6,"4":6,"5":6,"6":1,"7":5,"8":1},"f":{"0":2,"1":6,"2":6},"b":{"0":[1,5]}}
,"/home/oleg/projects/express-purple/src/config/config.service.ts": {"path":"/home/oleg/projects/express-purple/src/config/config.service.ts","statementMap":{"0":{"start":{"line":2,"column":0},"end":{"line":2,"column":71}},"1":{"start":{"line":3,"column":0},"end":{"line":3,"column":47}},"2":{"start":{"line":4,"column":0},"end":{"line":4,"column":33}},"3":{"start":{"line":8,"column":0},"end":{"line":23,"column":null}},"4":{"start":{"line":11,"column":47},"end":{"line":11,"column":62}},"5":{"start":{"line":12,"column":43},"end":{"line":12,"column":51}},"6":{"start":{"line":13,"column":8},"end":{"line":18,"column":null}},"7":{"start":{"line":14,"column":12},"end":{"line":14,"column":96}},"8":{"start":{"line":16,"column":12},"end":{"line":16,"column":70}},"9":{"start":{"line":17,"column":12},"end":{"line":17,"column":61}},"10":{"start":{"line":21,"column":8},"end":{"line":21,"column":32}},"11":{"start":{"line":8,"column":13},"end":{"line":23,"column":null}},"12":{"start":{"line":8,"column":13},"end":{"line":8,"column":26}}},"fnMap":{"0":{"name":"(anonymous_4)","decl":{"start":{"line":11,"column":4},"end":{"line":11,"column":17}},"loc":{"start":{"line":11,"column":62},"end":{"line":19,"column":5}}},"1":{"name":"(anonymous_5)","decl":{"start":{"line":20,"column":4},"end":{"line":20,"column":7}},"loc":{"start":{"line":20,"column":19},"end":{"line":22,"column":5}}}},"branchMap":{"0":{"loc":{"start":{"line":13,"column":8},"end":{"line":18,"column":null}},"type":"if","locations":[{"start":{"line":13,"column":8},"end":{"line":18,"column":null}},{"start":{"line":15,"column":15},"end":{"line":18,"column":null}}]}},"s":{"0":1,"1":1,"2":1,"3":1,"4":1,"5":1,"6":1,"7":0,"8":1,"9":1,"10":6,"11":1,"12":1},"f":{"0":1,"1":6},"b":{"0":[0,1]}}
,"/home/oleg/projects/express-purple/src/database/prisma.service.ts": {"path":"/home/oleg/projects/express-purple/src/database/prisma.service.ts","statementMap":{"0":{"start":{"line":1,"column":0},"end":{"line":1,"column":47}},"1":{"start":{"line":2,"column":0},"end":{"line":2,"column":46}},"2":{"start":{"line":3,"column":0},"end":{"line":3,"column":33}},"3":{"start":{"line":7,"column":0},"end":{"line":30,"column":null}},"4":{"start":{"line":10,"column":47},"end":{"line":10,"column":62}},"5":{"start":{"line":11,"column":8},"end":{"line":11,"column":41}},"6":{"start":{"line":15,"column":8},"end":{"line":24,"column":null}},"7":{"start":{"line":16,"column":12},"end":{"line":16,"column":41}},"8":{"start":{"line":17,"column":12},"end":{"line":17,"column":87}},"9":{"start":{"line":19,"column":12},"end":{"line":23,"column":null}},"10":{"start":{"line":20,"column":16},"end":{"line":22,"column":18}},"11":{"start":{"line":28,"column":8},"end":{"line":28,"column":40}},"12":{"start":{"line":7,"column":13},"end":{"line":30,"column":null}},"13":{"start":{"line":7,"column":13},"end":{"line":7,"column":26}}},"fnMap":{"0":{"name":"(anonymous_11)","decl":{"start":{"line":10,"column":4},"end":{"line":10,"column":17}},"loc":{"start":{"line":10,"column":62},"end":{"line":12,"column":5}}},"1":{"name":"(anonymous_12)","decl":{"start":{"line":14,"column":10},"end":{"line":14,"column":17}},"loc":{"start":{"line":14,"column":17},"end":{"line":25,"column":null}}},"2":{"name":"(anonymous_14)","decl":{"start":{"line":27,"column":10},"end":{"line":27,"column":20}},"loc":{"start":{"line":27,"column":20},"end":{"line":29,"column":null}}}},"branchMap":{"0":{"loc":{"start":{"line":19,"column":12},"end":{"line":23,"column":null}},"type":"if","locations":[{"start":{"line":19,"column":12},"end":{"line":23,"column":null}}]}},"s":{"0":1,"1":1,"2":1,"3":1,"4":1,"5":1,"6":1,"7":1,"8":1,"9":0,"10":0,"11":0,"12":1,"13":1},"f":{"0":1,"1":1,"2":0},"b":{"0":[0]}}
,"/home/oleg/projects/express-purple/src/errors/exception.filter.ts": {"path":"/home/oleg/projects/express-purple/src/errors/exception.filter.ts","statementMap":{"0":{"start":{"line":2,"column":0},"end":{"line":2,"column":47}},"1":{"start":{"line":4,"column":0},"end":{"line":4,"column":33}},"2":{"start":{"line":6,"column":0},"end":{"line":6,"column":47}},"3":{"start":{"line":9,"column":0},"end":{"line":21,"column":null}},"4":{"start":{"line":10,"column":47},"end":{"line":10,"column":62}},"5":{"start":{"line":13,"column":8},"end":{"line":19,"column":null}},"6":{"start":{"line":14,"column":12},"end":{"line":14,"column":90}},"7":{"start":{"line":15,"column":12},"end":{"line":15,"column":66}},"8":{"start":{"line":17,"column":12},"end":{"line":17,"column":48}},"9":{"start":{"line":18,"column":12},"end":{"line":18,"column":55}},"10":{"start":{"line":9,"column":13},"end":{"line":21,"column":null}},"11":{"start":{"line":9,"column":13},"end":{"line":9,"column":28}}},"fnMap":{"0":{"name":"(anonymous_4)","decl":{"start":{"line":10,"column":4},"end":{"line":10,"column":17}},"loc":{"start":{"line":10,"column":62},"end":{"line":10,"column":66}}},"1":{"name":"(anonymous_5)","decl":{"start":{"line":12,"column":4},"end":{"line":12,"column":9}},"loc":{"start":{"line":12,"column":81},"end":{"line":20,"column":5}}}},"branchMap":{"0":{"loc":{"start":{"line":13,"column":8},"end":{"line":19,"column":null}},"type":"if","locations":[{"start":{"line":13,"column":8},"end":{"line":19,"column":null}},{"start":{"line":16,"column":15},"end":{"line":19,"column":null}}]}},"s":{"0":1,"1":1,"2":1,"3":1,"4":1,"5":3,"6":3,"7":3,"8":0,"9":0,"10":1,"11":1},"f":{"0":1,"1":3},"b":{"0":[3,0]}}
,"/home/oleg/projects/express-purple/src/errors/http-error.class.ts": {"path":"/home/oleg/projects/express-purple/src/errors/http-error.class.ts","statementMap":{"0":{"start":{"line":7,"column":8},"end":{"line":7,"column":23}},"1":{"start":{"line":8,"column":8},"end":{"line":8,"column":37}},"2":{"start":{"line":9,"column":8},"end":{"line":9,"column":31}},"3":{"start":{"line":10,"column":8},"end":{"line":10,"column":31}},"4":{"start":{"line":1,"column":0},"end":{"line":1,"column":13}}},"fnMap":{"0":{"name":"(anonymous_0)","decl":{"start":{"line":6,"column":4},"end":{"line":6,"column":16}},"loc":{"start":{"line":6,"column":69},"end":{"line":11,"column":5}}}},"branchMap":{},"s":{"0":3,"1":3,"2":3,"3":3,"4":1},"f":{"0":3},"b":{}}
,"/home/oleg/projects/express-purple/src/logger/logger.service.ts": {"path":"/home/oleg/projects/express-purple/src/logger/logger.service.ts","statementMap":{"0":{"start":{"line":1,"column":0},"end":{"line":1,"column":39}},"1":{"start":{"line":2,"column":0},"end":{"line":2,"column":31}},"2":{"start":{"line":6,"column":0},"end":{"line":29,"column":null}},"3":{"start":{"line":10,"column":8},"end":{"line":15,"column":11}},"4":{"start":{"line":19,"column":8},"end":{"line":19,"column":34}},"5":{"start":{"line":23,"column":8},"end":{"line":23,"column":35}},"6":{"start":{"line":27,"column":8},"end":{"line":27,"column":34}},"7":{"start":{"line":6,"column":13},"end":{"line":29,"column":null}},"8":{"start":{"line":6,"column":13},"end":{"line":6,"column":26}}},"fnMap":{"0":{"name":"(anonymous_2)","decl":{"start":{"line":9,"column":4},"end":{"line":9,"column":null}},"loc":{"start":{"line":9,"column":4},"end":{"line":16,"column":5}}},"1":{"name":"(anonymous_3)","decl":{"start":{"line":18,"column":4},"end":{"line":18,"column":7}},"loc":{"start":{"line":18,"column":26},"end":{"line":20,"column":5}}},"2":{"name":"(anonymous_4)","decl":{"start":{"line":22,"column":4},"end":{"line":22,"column":9}},"loc":{"start":{"line":22,"column":28},"end":{"line":24,"column":5}}},"3":{"name":"(anonymous_5)","decl":{"start":{"line":26,"column":4},"end":{"line":26,"column":8}},"loc":{"start":{"line":26,"column":27},"end":{"line":28,"column":5}}}},"branchMap":{},"s":{"0":1,"1":1,"2":1,"3":1,"4":6,"5":3,"6":0,"7":1,"8":1},"f":{"0":1,"1":6,"2":3,"3":0},"b":{}}
,"/home/oleg/projects/express-purple/src/users/user.entity.ts": {"path":"/home/oleg/projects/express-purple/src/users/user.entity.ts","statementMap":{"0":{"start":{"line":1,"column":0},"end":{"line":1,"column":41}},"1":{"start":{"line":7,"column":25},"end":{"line":7,"column":39}},"2":{"start":{"line":8,"column":25},"end":{"line":8,"column":38}},"3":{"start":{"line":11,"column":8},"end":{"line":13,"column":null}},"4":{"start":{"line":12,"column":12},"end":{"line":12,"column":42}},"5":{"start":{"line":17,"column":8},"end":{"line":17,"column":27}},"6":{"start":{"line":21,"column":8},"end":{"line":21,"column":26}},"7":{"start":{"line":25,"column":8},"end":{"line":25,"column":30}},"8":{"start":{"line":29,"column":8},"end":{"line":29,"column":48}},"9":{"start":{"line":33,"column":8},"end":{"line":33,"column":51}},"10":{"start":{"line":3,"column":0},"end":{"line":3,"column":13}}},"fnMap":{"0":{"name":"(anonymous_7)","decl":{"start":{"line":6,"column":4},"end":{"line":6,"column":null}},"loc":{"start":{"line":9,"column":29},"end":{"line":14,"column":5}}},"1":{"name":"(anonymous_8)","decl":{"start":{"line":16,"column":4},"end":{"line":16,"column":8}},"loc":{"start":{"line":16,"column":13},"end":{"line":18,"column":5}}},"2":{"name":"(anonymous_9)","decl":{"start":{"line":20,"column":4},"end":{"line":20,"column":8}},"loc":{"start":{"line":20,"column":12},"end":{"line":22,"column":5}}},"3":{"name":"(anonymous_10)","decl":{"start":{"line":24,"column":4},"end":{"line":24,"column":8}},"loc":{"start":{"line":24,"column":16},"end":{"line":26,"column":5}}},"4":{"name":"(anonymous_11)","decl":{"start":{"line":28,"column":17},"end":{"line":28,"column":28}},"loc":{"start":{"line":28,"column":55},"end":{"line":30,"column":null}}},"5":{"name":"(anonymous_13)","decl":{"start":{"line":32,"column":17},"end":{"line":32,"column":32}},"loc":{"start":{"line":32,"column":45},"end":{"line":34,"column":null}}}},"branchMap":{"0":{"loc":{"start":{"line":11,"column":8},"end":{"line":13,"column":null}},"type":"if","locations":[{"start":{"line":11,"column":8},"end":{"line":13,"column":null}}]}},"s":{"0":1,"1":5,"2":5,"3":5,"4":4,"5":0,"6":0,"7":0,"8":1,"9":4,"10":1},"f":{"0":5,"1":0,"2":0,"3":0,"4":1,"5":4},"b":{"0":[4]}}
,"/home/oleg/projects/express-purple/src/users/users.controller.ts": {"path":"/home/oleg/projects/express-purple/src/users/users.controller.ts","statementMap":{"0":{"start":{"line":1,"column":0},"end":{"line":1,"column":59}},"1":{"start":{"line":3,"column":0},"end":{"line":3,"column":55}},"2":{"start":{"line":4,"column":0},"end":{"line":4,"column":47}},"3":{"start":{"line":5,"column":0},"end":{"line":5,"column":33}},"4":{"start":{"line":8,"column":0},"end":{"line":8,"column":52}},"5":{"start":{"line":9,"column":0},"end":{"line":9,"column":58}},"6":{"start":{"line":11,"column":0},"end":{"line":11,"column":67}},"7":{"start":{"line":12,"column":0},"end":{"line":12,"column":36}},"8":{"start":{"line":14,"column":0},"end":{"line":14,"column":49}},"9":{"start":{"line":17,"column":0},"end":{"line":99,"column":null}},"10":{"start":{"line":23,"column":8},"end":{"line":23,"column":29}},"11":{"start":{"line":19,"column":39},"end":{"line":19,"column":61}},"12":{"start":{"line":20,"column":45},"end":{"line":20,"column":71}},"13":{"start":{"line":21,"column":46},"end":{"line":21,"column":75}},"14":{"start":{"line":24,"column":8},"end":{"line":43,"column":11}},"15":{"start":{"line":51,"column":21},"end":{"line":51,"column":62}},"16":{"start":{"line":52,"column":8},"end":{"line":54,"column":null}},"17":{"start":{"line":53,"column":12},"end":{"line":53,"column":67}},"18":{"start":{"line":55,"column":20},"end":{"line":55,"column":84}},"19":{"start":{"line":56,"column":8},"end":{"line":56,"column":30}},"20":{"start":{"line":64,"column":24},"end":{"line":64,"column":63}},"21":{"start":{"line":65,"column":8},"end":{"line":67,"column":null}},"22":{"start":{"line":66,"column":12},"end":{"line":66,"column":76}},"23":{"start":{"line":68,"column":8},"end":{"line":68,"column":89}},"24":{"start":{"line":72,"column":21},"end":{"line":72,"column":58}},"25":{"start":{"line":73,"column":8},"end":{"line":75,"column":null}},"26":{"start":{"line":74,"column":12},"end":{"line":74,"column":72}},"27":{"start":{"line":76,"column":8},"end":{"line":76,"column":57}},"28":{"start":{"line":80,"column":8},"end":{"line":97,"column":11}},"29":{"start":{"line":81,"column":12},"end":{"line":96,"column":14}},"30":{"start":{"line":91,"column":20},"end":{"line":93,"column":null}},"31":{"start":{"line":92,"column":24},"end":{"line":92,"column":36}},"32":{"start":{"line":94,"column":20},"end":{"line":94,"column":45}},"33":{"start":{"line":17,"column":13},"end":{"line":99,"column":null}},"34":{"start":{"line":17,"column":13},"end":{"line":17,"column":28}}},"fnMap":{"0":{"name":"(anonymous_11)","decl":{"start":{"line":18,"column":4},"end":{"line":18,"column":null}},"loc":{"start":{"line":21,"column":75},"end":{"line":44,"column":5}}},"1":{"name":"(anonymous_12)","decl":{"start":{"line":46,"column":10},"end":{"line":46,"column":15}},"loc":{"start":{"line":49,"column":26},"end":{"line":57,"column":null}}},"2":{"name":"(anonymous_14)","decl":{"start":{"line":59,"column":10},"end":{"line":59,"column":18}},"loc":{"start":{"line":62,"column":26},"end":{"line":69,"column":null}}},"3":{"name":"(anonymous_16)","decl":{"start":{"line":71,"column":10},"end":{"line":71,"column":14}},"loc":{"start":{"line":71,"column":74},"end":{"line":77,"column":null}}},"4":{"name":"(anonymous_18)","decl":{"start":{"line":79,"column":12},"end":{"line":79,"column":19}},"loc":{"start":{"line":79,"column":49},"end":{"line":98,"column":5}}},"5":{"name":"(anonymous_19)","decl":{"start":{"line":80,"column":35},"end":{"line":80,"column":36}},"loc":{"start":{"line":80,"column":55},"end":{"line":97,"column":9}}},"6":{"name":"(anonymous_20)","decl":{"start":{"line":90,"column":16},"end":{"line":90,"column":17}},"loc":{"start":{"line":90,"column":31},"end":{"line":95,"column":17}}}},"branchMap":{"0":{"loc":{"start":{"line":52,"column":8},"end":{"line":54,"column":null}},"type":"if","locations":[{"start":{"line":52,"column":8},"end":{"line":54,"column":null}}]},"1":{"loc":{"start":{"line":65,"column":8},"end":{"line":67,"column":null}},"type":"if","locations":[{"start":{"line":65,"column":8},"end":{"line":67,"column":null}}]},"2":{"loc":{"start":{"line":73,"column":8},"end":{"line":75,"column":null}},"type":"if","locations":[{"start":{"line":73,"column":8},"end":{"line":75,"column":null}}]},"3":{"loc":{"start":{"line":91,"column":20},"end":{"line":93,"column":null}},"type":"if","locations":[{"start":{"line":91,"column":20},"end":{"line":93,"column":null}}]}},"s":{"0":1,"1":1,"2":1,"3":1,"4":1,"5":1,"6":1,"7":1,"8":1,"9":1,"10":1,"11":1,"12":1,"13":1,"14":1,"15":4,"16":4,"17":1,"18":3,"19":3,"20":1,"21":1,"22":1,"23":0,"24":1,"25":1,"26":0,"27":1,"28":3,"29":3,"30":3,"31":0,"32":3,"33":1,"34":1},"f":{"0":1,"1":4,"2":1,"3":1,"4":3,"5":3,"6":3},"b":{"0":[1],"1":[1],"2":[0],"3":[0]}}
,"/home/oleg/projects/express-purple/src/users/users.repository.ts": {"path":"/home/oleg/projects/express-purple/src/users/users.repository.ts","statementMap":{"0":{"start":{"line":4,"column":0},"end":{"line":4,"column":47}},"1":{"start":{"line":5,"column":0},"end":{"line":5,"column":33}},"2":{"start":{"line":6,"column":0},"end":{"line":6,"column":59}},"3":{"start":{"line":9,"column":0},"end":{"line":29,"column":null}},"4":{"start":{"line":10,"column":53},"end":{"line":10,"column":68}},"5":{"start":{"line":13,"column":8},"end":{"line":19,"column":11}},"6":{"start":{"line":23,"column":8},"end":{"line":27,"column":11}},"7":{"start":{"line":9,"column":13},"end":{"line":29,"column":null}},"8":{"start":{"line":9,"column":13},"end":{"line":9,"column":28}}},"fnMap":{"0":{"name":"(anonymous_11)","decl":{"start":{"line":10,"column":4},"end":{"line":10,"column":17}},"loc":{"start":{"line":10,"column":81},"end":{"line":10,"column":85}}},"1":{"name":"(anonymous_12)","decl":{"start":{"line":12,"column":10},"end":{"line":12,"column":16}},"loc":{"start":{"line":12,"column":48},"end":{"line":20,"column":null}}},"2":{"name":"(anonymous_14)","decl":{"start":{"line":22,"column":10},"end":{"line":22,"column":14}},"loc":{"start":{"line":22,"column":28},"end":{"line":28,"column":null}}}},"branchMap":{},"s":{"0":1,"1":1,"2":1,"3":1,"4":1,"5":0,"6":6,"7":1,"8":1},"f":{"0":1,"1":0,"2":6},"b":{}}
,"/home/oleg/projects/express-purple/src/users/users.service.ts": {"path":"/home/oleg/projects/express-purple/src/users/users.service.ts","statementMap":{"0":{"start":{"line":4,"column":0},"end":{"line":4,"column":37}},"1":{"start":{"line":5,"column":0},"end":{"line":5,"column":47}},"2":{"start":{"line":6,"column":0},"end":{"line":6,"column":33}},"3":{"start":{"line":12,"column":0},"end":{"line":43,"column":null}},"4":{"start":{"line":14,"column":46},"end":{"line":14,"column":75}},"5":{"start":{"line":15,"column":48},"end":{"line":15,"column":81}},"6":{"start":{"line":19,"column":24},"end":{"line":19,"column":45}},"7":{"start":{"line":20,"column":21},"end":{"line":20,"column":59}},"8":{"start":{"line":21,"column":8},"end":{"line":21,"column":50}},"9":{"start":{"line":22,"column":28},"end":{"line":22,"column":66}},"10":{"start":{"line":24,"column":8},"end":{"line":26,"column":null}},"11":{"start":{"line":25,"column":12},"end":{"line":25,"column":24}},"12":{"start":{"line":28,"column":8},"end":{"line":28,"column":52}},"13":{"start":{"line":32,"column":28},"end":{"line":32,"column":66}},"14":{"start":{"line":33,"column":8},"end":{"line":35,"column":null}},"15":{"start":{"line":34,"column":12},"end":{"line":34,"column":25}},"16":{"start":{"line":36,"column":24},"end":{"line":36,"column":91}},"17":{"start":{"line":37,"column":8},"end":{"line":37,"column":55}},"18":{"start":{"line":41,"column":8},"end":{"line":41,"column":54}},"19":{"start":{"line":12,"column":13},"end":{"line":43,"column":null}},"20":{"start":{"line":12,"column":13},"end":{"line":12,"column":25}}},"fnMap":{"0":{"name":"(anonymous_11)","decl":{"start":{"line":13,"column":4},"end":{"line":13,"column":null}},"loc":{"start":{"line":15,"column":81},"end":{"line":16,"column":8}}},"1":{"name":"(anonymous_12)","decl":{"start":{"line":18,"column":10},"end":{"line":18,"column":20}},"loc":{"start":{"line":18,"column":63},"end":{"line":29,"column":null}}},"2":{"name":"(anonymous_14)","decl":{"start":{"line":31,"column":10},"end":{"line":31,"column":22}},"loc":{"start":{"line":31,"column":56},"end":{"line":38,"column":null}}},"3":{"name":"(anonymous_16)","decl":{"start":{"line":40,"column":10},"end":{"line":40,"column":17}},"loc":{"start":{"line":40,"column":31},"end":{"line":42,"column":null}}}},"branchMap":{"0":{"loc":{"start":{"line":24,"column":8},"end":{"line":26,"column":null}},"type":"if","locations":[{"start":{"line":24,"column":8},"end":{"line":26,"column":null}}]},"1":{"loc":{"start":{"line":33,"column":8},"end":{"line":35,"column":null}},"type":"if","locations":[{"start":{"line":33,"column":8},"end":{"line":35,"column":null}}]}},"s":{"0":1,"1":1,"2":1,"3":1,"4":1,"5":1,"6":1,"7":1,"8":1,"9":1,"10":1,"11":1,"12":0,"13":4,"14":4,"15":0,"16":4,"17":4,"18":1,"19":1,"20":1},"f":{"0":1,"1":1,"2":4,"3":1},"b":{"0":[1],"1":[0]}}
,"/home/oleg/projects/express-purple/src/users/dto/user-login.dto.ts": {"path":"/home/oleg/projects/express-purple/src/users/dto/user-login.dto.ts","statementMap":{"0":{"start":{"line":1,"column":0},"end":{"line":1,"column":63}},"1":{"start":{"line":5,"column":4},"end":{"line":5,"column":null}},"2":{"start":{"line":9,"column":4},"end":{"line":9,"column":null}},"3":{"start":{"line":3,"column":0},"end":{"line":3,"column":13}}},"fnMap":{},"branchMap":{},"s":{"0":1,"1":1,"2":1,"3":1},"f":{},"b":{}}
,"/home/oleg/projects/express-purple/src/users/dto/user-register.dto.ts": {"path":"/home/oleg/projects/express-purple/src/users/dto/user-register.dto.ts","statementMap":{"0":{"start":{"line":1,"column":0},"end":{"line":1,"column":63}},"1":{"start":{"line":5,"column":4},"end":{"line":5,"column":null}},"2":{"start":{"line":9,"column":4},"end":{"line":9,"column":null}},"3":{"start":{"line":13,"column":4},"end":{"line":13,"column":null}},"4":{"start":{"line":3,"column":0},"end":{"line":3,"column":13}}},"fnMap":{},"branchMap":{},"s":{"0":1,"1":1,"2":1,"3":1,"4":1},"f":{},"b":{}}
}
